sample/iris/build/intermediates/manifest_merge_blame_file/debug/processDebugManifest/manifest-merger-blame-debug-report.txt
1<?xml version="1.0" encoding="utf-8"?>
2<manifest xmlns:android="http://schemas.android.com/apk/res/android"
3    package="com.iritech.iris" >
4
5    <uses-sdk android:minSdkVersion="19" />
6
7    <uses-permission android:name="android.permission.WRITE_EXTERNAL_STORAGE" />
7-->src\main\AndroidManifest.xml:3:5-81
7-->src\main\AndroidManifest.xml:3:22-78
8    <uses-permission android:name="android.permission.READ_EXTERNAL_STORAGE" />
8-->src\main\AndroidManifest.xml:4:5-80
8-->src\main\AndroidManifest.xml:4:22-77
9    <uses-permission android:name="android.permission.CAMERA" />
9-->src\main\AndroidManifest.xml:5:5-65
9-->src\main\AndroidManifest.xml:5:22-62
10    <uses-permission android:name="android.permission.ACCESS_WIFI_STATE" />
10-->src\main\AndroidManifest.xml:6:5-76
10-->src\main\AndroidManifest.xml:6:22-73
11    <uses-permission android:name="android.permission.ACCESS_NETWORK_STATE" />
11-->src\main\AndroidManifest.xml:7:5-79
11-->src\main\AndroidManifest.xml:7:22-76
12    <!-- <uses-permission android:name="android.permission.SYSTEM_ALERT_WINDOW"/> -->
13    <uses-permission android:name="android.permission.INTERNET" />
13-->src\main\AndroidManifest.xml:9:5-67
13-->src\main\AndroidManifest.xml:9:22-64
14
15    <application>
15-->src\main\AndroidManifest.xml:11:5-21:19
16        <activity
16-->src\main\AndroidManifest.xml:12:9-19:20
17            android:name="com.iritech.iris.CaptureActivity"
17-->src\main\AndroidManifest.xml:13:13-44
18            android:label="@string/title_activity_iri"
18-->src\main\AndroidManifest.xml:14:13-55
19            android:noHistory="false"
19-->src\main\AndroidManifest.xml:15:13-38
20            android:screenOrientation="portrait"
20-->src\main\AndroidManifest.xml:17:13-49
21            android:theme="@style/Theme.AppCompat.Light.NoActionBar" >
21-->src\main\AndroidManifest.xml:16:13-69
22        </activity>
23        <activity android:name="com.iritech.iris.TestActivity" />
23-->src\main\AndroidManifest.xml:20:9-50
23-->src\main\AndroidManifest.xml:20:19-47
24    </application>
25
26</manifest>